This is pdfTeX, Version 3.14159265-2.6-1.40.21 (TeX Live 2020) (preloaded format=pdflatex 2020.4.7)  9 FEB 2021 01:33
entering extended mode
 restricted \write18 enabled.
 %&-line parsing enabled.
**"Personal Project.tex"
(./Personal Project.tex
LaTeX2e <2020-02-02> patch level 5
L3 programming layer <2020-03-06>
(/usr/local/texlive/2020/texmf-dist/tex/latex/base/article.cls
Document Class: article 2019/12/20 v1.4l Standard LaTeX document class
(/usr/local/texlive/2020/texmf-dist/tex/latex/base/size12.clo
File: size12.clo 2019/12/20 v1.4l Standard LaTeX file (size option)
)
\c@part=\count167
\c@section=\count168
\c@subsection=\count169
\c@subsubsection=\count170
\c@paragraph=\count171
\c@subparagraph=\count172
\c@figure=\count173
\c@table=\count174
\abovecaptionskip=\skip47
\belowcaptionskip=\skip48
\bibindent=\dimen134
)
(/usr/local/texlive/2020/texmf-dist/tex/latex/geometry/geometry.sty
Package: geometry 2020/01/02 v5.9 Page Geometry

(/usr/local/texlive/2020/texmf-dist/tex/latex/graphics/keyval.sty
Package: keyval 2014/10/28 v1.15 key=value parser (DPC)
\KV@toks@=\toks15
)
(/usr/local/texlive/2020/texmf-dist/tex/generic/iftex/ifvtex.sty
Package: ifvtex 2019/10/25 v1.7 ifvtex legacy package. Use iftex instead.

(/usr/local/texlive/2020/texmf-dist/tex/generic/iftex/iftex.sty
Package: iftex 2020/03/06 v1.0d TeX engine tests
))
\Gm@cnth=\count175
\Gm@cntv=\count176
\c@Gm@tempcnt=\count177
\Gm@bindingoffset=\dimen135
\Gm@wd@mp=\dimen136
\Gm@odd@mp=\dimen137
\Gm@even@mp=\dimen138
\Gm@layoutwidth=\dimen139
\Gm@layoutheight=\dimen140
\Gm@layouthoffset=\dimen141
\Gm@layoutvoffset=\dimen142
\Gm@dimlist=\toks16
)
(/usr/local/texlive/2020/texmf-dist/tex/latex/base/inputenc.sty
Package: inputenc 2018/08/11 v1.3c Input encoding file
\inpenc@prehook=\toks17
\inpenc@posthook=\toks18
)
(/usr/local/texlive/2020/texmf-dist/tex/latex/amsmath/amsmath.sty
Package: amsmath 2020/01/20 v2.17e AMS math features
\@mathmargin=\skip49

For additional information on amsmath, use the `?' option.
(/usr/local/texlive/2020/texmf-dist/tex/latex/amsmath/amstext.sty
Package: amstext 2000/06/29 v2.01 AMS text

(/usr/local/texlive/2020/texmf-dist/tex/latex/amsmath/amsgen.sty
File: amsgen.sty 1999/11/30 v2.0 generic functions
\@emptytoks=\toks19
\ex@=\dimen143
))
(/usr/local/texlive/2020/texmf-dist/tex/latex/amsmath/amsbsy.sty
Package: amsbsy 1999/11/29 v1.2d Bold Symbols
\pmbraise@=\dimen144
)
(/usr/local/texlive/2020/texmf-dist/tex/latex/amsmath/amsopn.sty
Package: amsopn 2016/03/08 v2.02 operator names
)
\inf@bad=\count178
LaTeX Info: Redefining \frac on input line 227.
\uproot@=\count179
\leftroot@=\count180
LaTeX Info: Redefining \overline on input line 389.
\classnum@=\count181
\DOTSCASE@=\count182
LaTeX Info: Redefining \ldots on input line 486.
LaTeX Info: Redefining \dots on input line 489.
LaTeX Info: Redefining \cdots on input line 610.
\Mathstrutbox@=\box45
\strutbox@=\box46
\big@size=\dimen145
LaTeX Font Info:    Redeclaring font encoding OML on input line 733.
LaTeX Font Info:    Redeclaring font encoding OMS on input line 734.
\macc@depth=\count183
\c@MaxMatrixCols=\count184
\dotsspace@=\muskip16
\c@parentequation=\count185
\dspbrk@lvl=\count186
\tag@help=\toks20
\row@=\count187
\column@=\count188
\maxfields@=\count189
\andhelp@=\toks21
\eqnshift@=\dimen146
\alignsep@=\dimen147
\tagshift@=\dimen148
\tagwidth@=\dimen149
\totwidth@=\dimen150
\lineht@=\dimen151
\@envbody=\toks22
\multlinegap=\skip50
\multlinetaggap=\skip51
\mathdisplay@stack=\toks23
LaTeX Info: Redefining \[ on input line 2859.
LaTeX Info: Redefining \] on input line 2860.
)
(/usr/local/texlive/2020/texmf-dist/tex/latex/amsfonts/amsfonts.sty
Package: amsfonts 2013/01/14 v3.01 Basic AMSFonts support
\symAMSa=\mathgroup4
\symAMSb=\mathgroup5
LaTeX Font Info:    Redeclaring math symbol \hbar on input line 98.
LaTeX Font Info:    Overwriting math alphabet `\mathfrak' in version `bold'
(Font)                  U/euf/m/n --> U/euf/b/n on input line 106.
)
(/usr/local/texlive/2020/texmf-dist/tex/latex/amsfonts/amssymb.sty
Package: amssymb 2013/01/14 v3.01 AMS font symbols
)
(/usr/local/texlive/2020/texmf-dist/tex/latex/graphics/graphicx.sty
Package: graphicx 2019/11/30 v1.2a Enhanced LaTeX Graphics (DPC,SPQR)

(/usr/local/texlive/2020/texmf-dist/tex/latex/graphics/graphics.sty
Package: graphics 2019/11/30 v1.4a Standard LaTeX Graphics (DPC,SPQR)

(/usr/local/texlive/2020/texmf-dist/tex/latex/graphics/trig.sty
Package: trig 2016/01/03 v1.10 sin cos tan (DPC)
)
(/usr/local/texlive/2020/texmf-dist/tex/latex/graphics-cfg/graphics.cfg
File: graphics.cfg 2016/06/04 v1.11 sample graphics configuration
)
Package graphics Info: Driver file: pdftex.def on input line 105.

(/usr/local/texlive/2020/texmf-dist/tex/latex/graphics-def/pdftex.def
File: pdftex.def 2018/01/08 v1.0l Graphics/color driver for pdftex
))
\Gin@req@height=\dimen152
\Gin@req@width=\dimen153
)
(/usr/local/texlive/2020/texmf-dist/tex/latex/l3backend/l3backend-pdfmode.def
File: l3backend-pdfmode.def 2020-03-12 L3 backend support: PDF mode
\l__kernel_color_stack_int=\count190
\l__pdf_internal_box=\box47
)
(./Personal Project.aux)
\openout1 = `"Personal Project.aux"'.

LaTeX Font Info:    Checking defaults for OML/cmm/m/it on input line 14.
LaTeX Font Info:    ... okay on input line 14.
LaTeX Font Info:    Checking defaults for OMS/cmsy/m/n on input line 14.
LaTeX Font Info:    ... okay on input line 14.
LaTeX Font Info:    Checking defaults for OT1/cmr/m/n on input line 14.
LaTeX Font Info:    ... okay on input line 14.
LaTeX Font Info:    Checking defaults for T1/cmr/m/n on input line 14.
LaTeX Font Info:    ... okay on input line 14.
LaTeX Font Info:    Checking defaults for TS1/cmr/m/n on input line 14.
LaTeX Font Info:    ... okay on input line 14.
LaTeX Font Info:    Checking defaults for OMX/cmex/m/n on input line 14.
LaTeX Font Info:    ... okay on input line 14.
LaTeX Font Info:    Checking defaults for U/cmr/m/n on input line 14.
LaTeX Font Info:    ... okay on input line 14.

*geometry* driver: auto-detecting
*geometry* detected driver: pdftex
*geometry* verbose mode - [ preamble ] result:
* driver: pdftex
* paper: letterpaper
* layout: <same size as paper>
* layoutoffset:(h,v)=(0.0pt,0.0pt)
* modes: 
* h-part:(L,W,R)=(90.3375pt, 433.62001pt, 90.3375pt)
* v-part:(T,H,B)=(90.3375pt, 614.295pt, 90.3375pt)
* \paperwidth=614.295pt
* \paperheight=794.96999pt
* \textwidth=433.62001pt
* \textheight=614.295pt
* \oddsidemargin=18.0675pt
* \evensidemargin=18.0675pt
* \topmargin=-18.9325pt
* \headheight=12.0pt
* \headsep=25.0pt
* \topskip=12.0pt
* \footskip=30.0pt
* \marginparwidth=44.0pt
* \marginparsep=10.0pt
* \columnsep=10.0pt
* \skip\footins=10.8pt plus 4.0pt minus 2.0pt
* \hoffset=0.0pt
* \voffset=0.0pt
* \mag=1000
* \@twocolumnfalse
* \@twosidefalse
* \@mparswitchfalse
* \@reversemarginfalse
* (1in=72.27pt=25.4mm, 1cm=28.453pt)

(/usr/local/texlive/2020/texmf-dist/tex/context/base/mkii/supp-pdf.mkii
[Loading MPS to PDF converter (version 2006.09.02).]
\scratchcounter=\count191
\scratchdimen=\dimen154
\scratchbox=\box48
\nofMPsegments=\count192
\nofMParguments=\count193
\everyMPshowfont=\toks24
\MPscratchCnt=\count194
\MPscratchDim=\dimen155
\MPnumerator=\count195
\makeMPintoPDFobject=\count196
\everyMPtoPDFconversion=\toks25
) (/usr/local/texlive/2020/texmf-dist/tex/latex/epstopdf-pkg/epstopdf-base.sty
Package: epstopdf-base 2020-01-24 v2.11 Base part for package epstopdf
Package epstopdf-base Info: Redefining graphics rule for `.eps' on input line 4
85.

(/usr/local/texlive/2020/texmf-dist/tex/latex/latexconfig/epstopdf-sys.cfg
File: epstopdf-sys.cfg 2010/07/13 v1.3 Configuration of (r)epstopdf for TeX Liv
e
))
[1

{/usr/local/texlive/2020/texmf-var/fonts/map/pdftex/updmap/pdftex.map}]
(./Personal Project.toc
LaTeX Font Info:    Trying to load font information for U+msa on input line 2.

(/usr/local/texlive/2020/texmf-dist/tex/latex/amsfonts/umsa.fd
File: umsa.fd 2013/01/14 v3.01 AMS symbols A
)
LaTeX Font Info:    Trying to load font information for U+msb on input line 2.

(/usr/local/texlive/2020/texmf-dist/tex/latex/amsfonts/umsb.fd
File: umsb.fd 2013/01/14 v3.01 AMS symbols B
))
\tf@toc=\write3
\openout3 = `"Personal Project.toc"'.

 [1] [2]
[3] [4]
<rubric.png, id=22, 897.3525pt x 438.63875pt>
File: rubric.png Graphic file (type png)
<use rubric.png>
Package pdftex.def Info: rubric.png  used on input line 71.
(pdftex.def)             Requested size: 475.59456pt x 232.47742pt.

Overfull \hbox (41.97455pt too wide) in paragraph at lines 71--72
 [] 
 []

[5 <./rubric.png>] [6] [7] [8] [9] [10]
<survey responses.png, id=44, 1062.97125pt x 434.62375pt>
File: survey responses.png Graphic file (type png)
<use survey responses.png>
Package pdftex.def Info: survey responses.png  used on input line 115.
(pdftex.def)             Requested size: 425.18097pt x 173.8464pt.


LaTeX Warning: `h' float specifier changed to `ht'.

[11] [12 <./survey responses.png>] [13] [14]
<1.png, id=59, 644.4075pt x 350.30875pt>
File: 1.png Graphic file (type png)
<use 1.png>
Package pdftex.def Info: 1.png  used on input line 136.
(pdftex.def)             Requested size: 418.85991pt x 227.69798pt.
<2.png, id=60, 657.45625pt x 294.09875pt>
File: 2.png Graphic file (type png)
<use 2.png>
Package pdftex.def Info: 2.png  used on input line 137.
(pdftex.def)             Requested size: 427.3415pt x 191.16191pt.
<3.png, id=61, 657.45625pt x 282.05376pt>
File: 3.png Graphic file (type png)
<use 3.png>
Package pdftex.def Info: 3.png  used on input line 138.
(pdftex.def)             Requested size: 427.3415pt x 183.33276pt.
 [15 <./1.png> <./2.png>]
<4.png, id=67, 648.4225pt x 265.99374pt>
File: 4.png Graphic file (type png)
<use 4.png>
Package pdftex.def Info: 4.png  used on input line 139.
(pdftex.def)             Requested size: 421.46964pt x 172.89388pt.
 [16 <./3.png> <./4.png>]
<calender.png, id=73, 465.74pt x 612.2875pt>
File: calender.png Graphic file (type png)
<use calender.png>
Package pdftex.def Info: calender.png  used on input line 145.
(pdftex.def)             Requested size: 442.45049pt x 581.66983pt.

Overfull \hbox (8.83047pt too wide) in paragraph at lines 145--146
 [] 
 []


Overfull \vbox (11.32492pt too high) has occurred while \output is active []


[17 <./calender.png>]
<email1.png, id=78, 1169.36874pt x 620.3175pt>
File: email1.png Graphic file (type png)
<use email1.png>
Package pdftex.def Info: email1.png  used on input line 150.
(pdftex.def)             Requested size: 502.81876pt x 266.73132pt.
<email2.png, id=79, 1152.305pt x 544.0325pt>
File: email2.png Graphic file (type png)
<use email2.png>
Package pdftex.def Info: email2.png  used on input line 152.
(pdftex.def)             Requested size: 495.48149pt x 233.92941pt.
<email3.png, id=80, 1158.3275pt x 546.04pt>
File: email3.png Graphic file (type png)
<use email3.png>
Package pdftex.def Info: email3.png  used on input line 154.
(pdftex.def)             Requested size: 498.07112pt x 234.79262pt.

Overfull \hbox (37.66661pt too wide) in paragraph at lines 149--155
 |  [] 
 []


Overfull \hbox (30.32935pt too wide) in paragraph at lines 149--155
 |  [] 
 []


Overfull \hbox (32.91898pt too wide) in paragraph at lines 149--155
 |  [] 
 []

[18 <./email1.png> <./email2.png>] [19 <./email3.png>]
<form.png, id=91, 327.2225pt x 739.76375pt>
File: form.png Graphic file (type png)
<use form.png>
Package pdftex.def Info: form.png  used on input line 161.
(pdftex.def)             Requested size: 261.77835pt x 591.8118pt.

Overfull \vbox (1.06679pt too high) has occurred while \output is active []


[20 <./form.png>]
<responses.png, id=96, 1320.935pt x 574.145pt>
File: responses.png Graphic file (type png)
<use responses.png>
Package pdftex.def Info: responses.png  used on input line 167.
(pdftex.def)             Requested size: 528.36464pt x 229.65393pt.

Overfull \hbox (46.14067pt too wide) in paragraph at lines 166--168
 |  [] 
 []

[21 <./responses.png>]
<planning.png, id=101, 599.23875pt x 646.415pt>
File: planning.png Graphic file (type png)
<use planning.png>
Package pdftex.def Info: planning.png  used on input line 174.
(pdftex.def)             Requested size: 509.35535pt x 549.45535pt.

Overfull \hbox (35.6673pt too wide) in paragraph at lines 173--175
 |  [] 
 []

[22 <./planning.png>]
File: rubric.png Graphic file (type png)
<use rubric.png>
Package pdftex.def Info: rubric.png  used on input line 181.
(pdftex.def)             Requested size: 538.41565pt x 263.18527pt.

Overfull \hbox (53.34666pt too wide) in paragraph at lines 180--182
 |  [] 
 []

[23]
<selfassess.png, id=109, 626.34pt x 645.41125pt>
File: selfassess.png Graphic file (type png)
<use selfassess.png>
Package pdftex.def Info: selfassess.png  used on input line 188.
(pdftex.def)             Requested size: 501.07266pt x 516.32971pt.

Overfull \hbox (30.23006pt too wide) in paragraph at lines 187--189
 |  [] 
 []

[24 <./selfassess.png>]
<citations.png, id=115, 520.94624pt x 555.07375pt>
File: citations.png Graphic file (type png)
<use citations.png>
Package pdftex.def Info: citations.png  used on input line 195.
(pdftex.def)             Requested size: 520.94498pt x 555.07237pt.

Overfull \hbox (47.25693pt too wide) in paragraph at lines 194--196
 |  [] 
 []

[25 <./citations.png>] (./Personal Project.aux) ) 
Here is how much of TeX's memory you used:
 2927 strings out of 480608
 38964 string characters out of 5903631
 286826 words of memory out of 5000000
 18798 multiletter control sequences out of 15000+600000
 541304 words of font info for 56 fonts, out of 8000000 for 9000
 1141 hyphenation exceptions out of 8191
 30i,7n,34p,3518b,265s stack positions out of 5000i,500n,10000p,200000b,80000s
</usr/local/texlive/2020/texmf
-dist/fonts/type1/public/amsfonts/cm/cmbx12.pfb></usr/local/texlive/2020/texmf-
dist/fonts/type1/public/amsfonts/cm/cmcsc10.pfb></usr/local/texlive/2020/texmf-
dist/fonts/type1/public/amsfonts/cm/cmr12.pfb></usr/local/texlive/2020/texmf-di
st/fonts/type1/public/amsfonts/cm/cmti12.pfb>
Output written on "Personal Project.pdf" (26 pages, 5633407 bytes).
PDF statistics:
 135 PDF objects out of 1000 (max. 8388607)
 72 compressed objects within 1 object stream
 0 named destinations out of 1000 (max. 500000)
 76 words of extra memory for PDF output out of 10000 (max. 10000000)

